2021-11-12 17:14:22,056 p=439590 u=meraxes n=ansible | [DEPRECATION WARNING]: Ansible will require Python 3.8 or newer on the controller starting with Ansible 2.12. Current version: 3.6.8 (default, Aug  3 2021, 06:54:29) [GCC 8.3.1 20191121 (Red Hat 8.3.1-5)]. This feature will be removed from ansible-core in version 2.12. 
Deprecation warnings can be disabled by setting deprecation_warnings=False in ansible.cfg.
2021-11-12 17:14:22,387 p=439590 u=meraxes n=ansible | PLAY [hosts_all] ***************************************************************************************************************************************************************************************************************************************************************
2021-11-12 17:14:22,394 p=439590 u=meraxes n=ansible | TASK [Gathering Facts] *********************************************************************************************************************************************************************************************************************************************************
2021-11-12 17:14:23,306 p=439590 u=meraxes n=ansible | [DEPRECATION WARNING]: Distribution redhat 8.2 on host deployTarget should use /usr/libexec/platform-python, but is using /usr/bin/python for backward compatibility with prior Ansible releases. A future Ansible release will default to using the discovered platform python
 for this host. See https://docs.ansible.com/ansible-core/2.11/reference_appendices/interpreter_discovery.html for more information. This feature will be removed in version 2.12. Deprecation warnings can be disabled by setting deprecation_warnings=False in ansible.cfg.
2021-11-12 17:14:23,306 p=439590 u=meraxes n=ansible | ok: [deployTarget]
2021-11-12 17:14:23,330 p=439590 u=meraxes n=ansible | TASK [CREATE WORKING DIRECTORY /sso/assets] ************************************************************************************************************************************************************************************************************************************
2021-11-12 17:14:23,597 p=439590 u=meraxes n=ansible | ok: [deployTarget]
2021-11-12 17:14:23,621 p=439590 u=meraxes n=ansible | PLAY RECAP *********************************************************************************************************************************************************************************************************************************************************************
2021-11-12 17:14:23,621 p=439590 u=meraxes n=ansible | deployTarget               : ok=2    changed=0    unreachable=0    failed=0    skipped=0    rescued=0    ignored=0   
2021-11-12 17:15:31,091 p=440011 u=meraxes n=ansible | [DEPRECATION WARNING]: Ansible will require Python 3.8 or newer on the controller starting with Ansible 2.12. Current version: 3.6.8 (default, Aug  3 2021, 06:54:29) [GCC 8.3.1 20191121 (Red Hat 8.3.1-5)]. This feature will be removed from ansible-core in version 2.12. 
Deprecation warnings can be disabled by setting deprecation_warnings=False in ansible.cfg.
2021-11-12 17:15:31,418 p=440011 u=meraxes n=ansible | PLAY [hosts_all] ***************************************************************************************************************************************************************************************************************************************************************
2021-11-12 17:15:31,425 p=440011 u=meraxes n=ansible | TASK [Gathering Facts] *********************************************************************************************************************************************************************************************************************************************************
2021-11-12 17:15:32,328 p=440011 u=meraxes n=ansible | [DEPRECATION WARNING]: Distribution redhat 8.2 on host deployTarget should use /usr/libexec/platform-python, but is using /usr/bin/python for backward compatibility with prior Ansible releases. A future Ansible release will default to using the discovered platform python
 for this host. See https://docs.ansible.com/ansible-core/2.11/reference_appendices/interpreter_discovery.html for more information. This feature will be removed in version 2.12. Deprecation warnings can be disabled by setting deprecation_warnings=False in ansible.cfg.
2021-11-12 17:15:32,329 p=440011 u=meraxes n=ansible | ok: [deployTarget]
2021-11-12 17:15:32,353 p=440011 u=meraxes n=ansible | TASK [CREATE WORKING DIRECTORY /sso/assets] ************************************************************************************************************************************************************************************************************************************
2021-11-12 17:15:32,619 p=440011 u=meraxes n=ansible | ok: [deployTarget]
2021-11-12 17:15:32,631 p=440011 u=meraxes n=ansible | TASK [DOWNLOAD AND EXTRACT MIRROR MANAGER] *************************************************************************************************************************************************************************************************************************************
2021-11-12 17:15:33,749 p=440011 u=meraxes n=ansible | changed: [deployTarget]
2021-11-12 17:15:33,763 p=440011 u=meraxes n=ansible | TASK [DOWNLOAD AND EXTRACT SAS ORCHESTRATION] **********************************************************************************************************************************************************************************************************************************
2021-11-12 17:15:35,449 p=440011 u=meraxes n=ansible | changed: [deployTarget]
2021-11-12 17:15:35,472 p=440011 u=meraxes n=ansible | PLAY RECAP *********************************************************************************************************************************************************************************************************************************************************************
2021-11-12 17:15:35,472 p=440011 u=meraxes n=ansible | deployTarget               : ok=4    changed=2    unreachable=0    failed=0    skipped=0    rescued=0    ignored=0   
